build/app/intermediates/manifest_merge_blame_file/release/manifest-merger-blame-release-report.txt
1<?xml version="1.0" encoding="utf-8"?>
2<manifest xmlns:android="http://schemas.android.com/apk/res/android"
3    package="com.e_learning.india_learner"
4    android:versionCode="4"
5    android:versionName="1.0.0" >
6
7    <uses-sdk
8        android:minSdkVersion="19"
8-->src\main\AndroidManifest.xml
9        android:targetSdkVersion="30" />
9-->src\main\AndroidManifest.xml
10
11    <uses-permission android:name="android.permission.INTERNET" />
11-->src\main\AndroidManifest.xml:4:5-66
11-->src\main\AndroidManifest.xml:4:22-64
12    <uses-permission android:name="android.permission.ACCESS_NETWORK_STATE" />
12-->src\main\AndroidManifest.xml:5:5-79
12-->src\main\AndroidManifest.xml:5:22-76
13    <uses-permission android:name="android.permission.READ_EXTERNAL_STORAGE" />
13-->src\main\AndroidManifest.xml:6:5-80
13-->src\main\AndroidManifest.xml:6:22-77
14    <uses-permission android:name="android.permission.WRITE_EXTERNAL_STORAGE" />
14-->src\main\AndroidManifest.xml:7:5-80
14-->src\main\AndroidManifest.xml:7:22-78
15    <uses-permission android:name="android.permission.ACCESS_MEDIA_LOCATION" />
15-->src\main\AndroidManifest.xml:8:5-79
15-->src\main\AndroidManifest.xml:8:22-77
16    <uses-permission android:name="android.permission.RECEIVE_BOOT_COMPLETED" />
16-->[:flutter_local_notifications] AndroidManifest.xml:7:5-81
16-->[:flutter_local_notifications] AndroidManifest.xml:7:22-78
17    <uses-permission android:name="android.permission.VIBRATE" />
17-->[:flutter_local_notifications] AndroidManifest.xml:8:5-66
17-->[:flutter_local_notifications] AndroidManifest.xml:8:22-63
18    <uses-permission android:name="android.permission.USE_FULL_SCREEN_INTENT" />
18-->[:flutter_local_notifications] AndroidManifest.xml:9:5-81
18-->[:flutter_local_notifications] AndroidManifest.xml:9:22-78
19    <uses-permission android:name="android.permission.WAKE_LOCK" />
19-->[androidx.work:work-runtime:2.2.0] AndroidManifest.xml:25:5-68
19-->[androidx.work:work-runtime:2.2.0] AndroidManifest.xml:25:22-65
20
21    <application
21-->src\main\AndroidManifest.xml:10:5-50:19
22        android:name="androidx.multidex.MultiDexApplication"
23        android:appComponentFactory="androidx.core.app.CoreComponentFactory"
23-->[androidx.core:core:1.3.0] AndroidManifest.xml:24:18-86
24        android:icon="@mipmap/ic_launcher"
24-->src\main\AndroidManifest.xml:15:9-43
25        android:label="IndiaLearner"
25-->src\main\AndroidManifest.xml:11:9-37
26        android:networkSecurityConfig="@xml/network_security_config"
26-->src\main\AndroidManifest.xml:14:9-69
27        android:requestLegacyExternalStorage="true"
27-->src\main\AndroidManifest.xml:12:9-52
28        android:usesCleartextTraffic="true" >
28-->src\main\AndroidManifest.xml:13:9-44
29        <activity
29-->src\main\AndroidManifest.xml:17:9-40:20
30            android:name="com.e_learning.india_learner.MainActivity"
30-->src\main\AndroidManifest.xml:18:13-41
31            android:configChanges="orientation|keyboardHidden|keyboard|screenSize|smallestScreenSize|locale|layoutDirection|fontScale|screenLayout|density|uiMode"
31-->src\main\AndroidManifest.xml:21:13-163
32            android:hardwareAccelerated="true"
32-->src\main\AndroidManifest.xml:22:13-47
33            android:launchMode="singleTop"
33-->src\main\AndroidManifest.xml:19:13-43
34            android:theme="@style/LaunchTheme"
34-->src\main\AndroidManifest.xml:20:13-47
35            android:windowSoftInputMode="adjustResize" >
35-->src\main\AndroidManifest.xml:23:13-55
36
37            <!--
38                 Specifies an Android theme to apply to this Activity as soon as
39                 the Android process has started. This theme is visible to the user
40                 while the Flutter UI initializes. After that, this theme continues
41                 to determine the Window background behind the Flutter UI.
42            -->
43            <meta-data
43-->src\main\AndroidManifest.xml:28:13-31:17
44                android:name="io.flutter.embedding.android.NormalTheme"
44-->src\main\AndroidManifest.xml:29:15-70
45                android:resource="@style/NormalTheme" />
45-->src\main\AndroidManifest.xml:30:15-52
46            <meta-data
46-->src\main\AndroidManifest.xml:32:13-35:17
47                android:name="io.flutter.embedding.android.SplashScreenDrawable"
47-->src\main\AndroidManifest.xml:33:15-79
48                android:resource="@drawable/launch_background" />
48-->src\main\AndroidManifest.xml:34:15-61
49
50            <intent-filter>
50-->src\main\AndroidManifest.xml:36:13-39:29
51                <action android:name="android.intent.action.MAIN" />
51-->src\main\AndroidManifest.xml:37:17-68
51-->src\main\AndroidManifest.xml:37:25-66
52
53                <category android:name="android.intent.category.LAUNCHER" />
53-->src\main\AndroidManifest.xml:38:17-76
53-->src\main\AndroidManifest.xml:38:27-74
54            </intent-filter>
55        </activity>
56        <activity
56-->src\main\AndroidManifest.xml:41:9-44:71
57            android:name="com.yalantis.ucrop.UCropActivity"
57-->src\main\AndroidManifest.xml:42:13-60
58            android:screenOrientation="portrait"
58-->src\main\AndroidManifest.xml:43:13-49
59            android:theme="@style/Theme.AppCompat.Light.NoActionBar" />
59-->src\main\AndroidManifest.xml:44:13-69
60        <!--
61             Don't delete the meta-data below.
62             This is used by the Flutter tool to generate GeneratedPluginRegistrant.java
63        -->
64        <meta-data
64-->src\main\AndroidManifest.xml:47:9-49:33
65            android:name="flutterEmbedding"
65-->src\main\AndroidManifest.xml:48:13-44
66            android:value="2" />
66-->src\main\AndroidManifest.xml:49:13-30
67
68        <provider
68-->[:image_picker] AndroidManifest.xml:11:9-19:20
69            android:name="io.flutter.plugins.imagepicker.ImagePickerFileProvider"
69-->[:image_picker] AndroidManifest.xml:12:13-82
70            android:authorities="com.e_learning.india_learner.flutter.image_provider"
70-->[:image_picker] AndroidManifest.xml:13:13-74
71            android:exported="false"
71-->[:image_picker] AndroidManifest.xml:14:13-37
72            android:grantUriPermissions="true" >
72-->[:image_picker] AndroidManifest.xml:15:13-47
73            <meta-data
73-->[:image_picker] AndroidManifest.xml:16:13-18:75
74                android:name="android.support.FILE_PROVIDER_PATHS"
74-->[:image_picker] AndroidManifest.xml:17:17-67
75                android:resource="@xml/flutter_image_picker_file_paths" />
75-->[:image_picker] AndroidManifest.xml:18:17-72
76        </provider>
77
78        <receiver android:name="com.dexterous.flutterlocalnotifications.ScheduledNotificationReceiver" />
78-->[:flutter_local_notifications] AndroidManifest.xml:12:9-106
78-->[:flutter_local_notifications] AndroidManifest.xml:12:19-103
79        <receiver android:name="com.dexterous.flutterlocalnotifications.ScheduledNotificationBootReceiver" >
79-->[:flutter_local_notifications] AndroidManifest.xml:13:9-20:20
79-->[:flutter_local_notifications] AndroidManifest.xml:13:19-107
80            <intent-filter>
80-->[:flutter_local_notifications] AndroidManifest.xml:14:13-19:29
81                <action android:name="android.intent.action.BOOT_COMPLETED" />
81-->[:flutter_local_notifications] AndroidManifest.xml:15:17-79
81-->[:flutter_local_notifications] AndroidManifest.xml:15:25-76
82                <action android:name="android.intent.action.MY_PACKAGE_REPLACED" />
82-->[:flutter_local_notifications] AndroidManifest.xml:16:17-84
82-->[:flutter_local_notifications] AndroidManifest.xml:16:25-81
83                <action android:name="android.intent.action.QUICKBOOT_POWERON" />
83-->[:flutter_local_notifications] AndroidManifest.xml:17:17-82
83-->[:flutter_local_notifications] AndroidManifest.xml:17:25-79
84                <action android:name="com.htc.intent.action.QUICKBOOT_POWERON" />
84-->[:flutter_local_notifications] AndroidManifest.xml:18:17-82
84-->[:flutter_local_notifications] AndroidManifest.xml:18:25-79
85            </intent-filter>
86        </receiver>
87
88        <activity
88-->[:url_launcher] AndroidManifest.xml:8:9-11:74
89            android:name="io.flutter.plugins.urllauncher.WebViewActivity"
89-->[:url_launcher] AndroidManifest.xml:9:13-74
90            android:exported="false"
90-->[:url_launcher] AndroidManifest.xml:10:13-37
91            android:theme="@android:style/Theme.NoTitleBar.Fullscreen" />
91-->[:url_launcher] AndroidManifest.xml:11:13-71
92        <activity
92-->[:razorpay_flutter] AndroidManifest.xml:8:9-11:20
93            android:name="com.razorpay.CheckoutActivity"
93-->[:razorpay_flutter] AndroidManifest.xml:9:13-57
94            android:configChanges="keyboard|keyboardHidden|orientation|screenSize"
94-->[com.razorpay:checkout:1.6.6] AndroidManifest.xml:20:13-83
95            android:label="Razorpay Checkout"
95-->[:razorpay_flutter] AndroidManifest.xml:10:13-46
96            android:theme="@style/CheckoutTheme" >
96-->[com.razorpay:checkout:1.6.6] AndroidManifest.xml:21:13-49
97            <intent-filter>
97-->[com.razorpay:checkout:1.6.6] AndroidManifest.xml:22:13-28:29
98                <action android:name="android.intent.action.MAIN" />
98-->src\main\AndroidManifest.xml:37:17-68
98-->src\main\AndroidManifest.xml:37:25-66
99
100                <data
100-->[com.razorpay:checkout:1.6.6] AndroidManifest.xml:25:17-27:47
101                    android:host="rzp.io"
101-->[com.razorpay:checkout:1.6.6] AndroidManifest.xml:26:21-42
102                    android:scheme="io.rzp" />
102-->[com.razorpay:checkout:1.6.6] AndroidManifest.xml:27:21-44
103            </intent-filter>
104        </activity>
105
106        <provider
106-->[androidx.work:work-runtime:2.2.0] AndroidManifest.xml:30:9-36:35
107            android:name="androidx.work.impl.WorkManagerInitializer"
107-->[androidx.work:work-runtime:2.2.0] AndroidManifest.xml:31:13-69
108            android:authorities="com.e_learning.india_learner.workmanager-init"
108-->[androidx.work:work-runtime:2.2.0] AndroidManifest.xml:32:13-68
109            android:directBootAware="false"
109-->[androidx.work:work-runtime:2.2.0] AndroidManifest.xml:33:13-44
110            android:exported="false"
110-->[androidx.work:work-runtime:2.2.0] AndroidManifest.xml:34:13-37
111            android:multiprocess="true" />
111-->[androidx.work:work-runtime:2.2.0] AndroidManifest.xml:35:13-40
112
113        <service
113-->[androidx.work:work-runtime:2.2.0] AndroidManifest.xml:38:9-43:35
114            android:name="androidx.work.impl.background.systemalarm.SystemAlarmService"
114-->[androidx.work:work-runtime:2.2.0] AndroidManifest.xml:39:13-88
115            android:directBootAware="false"
115-->[androidx.work:work-runtime:2.2.0] AndroidManifest.xml:40:13-44
116            android:enabled="@bool/enable_system_alarm_service_default"
116-->[androidx.work:work-runtime:2.2.0] AndroidManifest.xml:41:13-72
117            android:exported="false" />
117-->[androidx.work:work-runtime:2.2.0] AndroidManifest.xml:42:13-37
118        <service
118-->[androidx.work:work-runtime:2.2.0] AndroidManifest.xml:44:9-50:35
119            android:name="androidx.work.impl.background.systemjob.SystemJobService"
119-->[androidx.work:work-runtime:2.2.0] AndroidManifest.xml:45:13-84
120            android:directBootAware="false"
120-->[androidx.work:work-runtime:2.2.0] AndroidManifest.xml:46:13-44
121            android:enabled="@bool/enable_system_job_service_default"
121-->[androidx.work:work-runtime:2.2.0] AndroidManifest.xml:47:13-70
122            android:exported="true"
122-->[androidx.work:work-runtime:2.2.0] AndroidManifest.xml:48:13-36
123            android:permission="android.permission.BIND_JOB_SERVICE" />
123-->[androidx.work:work-runtime:2.2.0] AndroidManifest.xml:49:13-69
124
125        <receiver
125-->[androidx.work:work-runtime:2.2.0] AndroidManifest.xml:52:9-57:35
126            android:name="androidx.work.impl.utils.ForceStopRunnable$BroadcastReceiver"
126-->[androidx.work:work-runtime:2.2.0] AndroidManifest.xml:53:13-88
127            android:directBootAware="false"
127-->[androidx.work:work-runtime:2.2.0] AndroidManifest.xml:54:13-44
128            android:enabled="true"
128-->[androidx.work:work-runtime:2.2.0] AndroidManifest.xml:55:13-35
129            android:exported="false" />
129-->[androidx.work:work-runtime:2.2.0] AndroidManifest.xml:56:13-37
130        <receiver
130-->[androidx.work:work-runtime:2.2.0] AndroidManifest.xml:58:9-68:20
131            android:name="androidx.work.impl.background.systemalarm.ConstraintProxy$BatteryChargingProxy"
131-->[androidx.work:work-runtime:2.2.0] AndroidManifest.xml:59:13-106
132            android:directBootAware="false"
132-->[androidx.work:work-runtime:2.2.0] AndroidManifest.xml:60:13-44
133            android:enabled="false"
133-->[androidx.work:work-runtime:2.2.0] AndroidManifest.xml:61:13-36
134            android:exported="false" >
134-->[androidx.work:work-runtime:2.2.0] AndroidManifest.xml:62:13-37
135            <intent-filter>
135-->[androidx.work:work-runtime:2.2.0] AndroidManifest.xml:64:13-67:29
136                <action android:name="android.intent.action.ACTION_POWER_CONNECTED" />
136-->[androidx.work:work-runtime:2.2.0] AndroidManifest.xml:65:17-87
136-->[androidx.work:work-runtime:2.2.0] AndroidManifest.xml:65:25-84
137                <action android:name="android.intent.action.ACTION_POWER_DISCONNECTED" />
137-->[androidx.work:work-runtime:2.2.0] AndroidManifest.xml:66:17-90
137-->[androidx.work:work-runtime:2.2.0] AndroidManifest.xml:66:25-87
138            </intent-filter>
139        </receiver>
140        <receiver
140-->[androidx.work:work-runtime:2.2.0] AndroidManifest.xml:69:9-79:20
141            android:name="androidx.work.impl.background.systemalarm.ConstraintProxy$BatteryNotLowProxy"
141-->[androidx.work:work-runtime:2.2.0] AndroidManifest.xml:70:13-104
142            android:directBootAware="false"
142-->[androidx.work:work-runtime:2.2.0] AndroidManifest.xml:71:13-44
143            android:enabled="false"
143-->[androidx.work:work-runtime:2.2.0] AndroidManifest.xml:72:13-36
144            android:exported="false" >
144-->[androidx.work:work-runtime:2.2.0] AndroidManifest.xml:73:13-37
145            <intent-filter>
145-->[androidx.work:work-runtime:2.2.0] AndroidManifest.xml:75:13-78:29
146                <action android:name="android.intent.action.BATTERY_OKAY" />
146-->[androidx.work:work-runtime:2.2.0] AndroidManifest.xml:76:17-77
146-->[androidx.work:work-runtime:2.2.0] AndroidManifest.xml:76:25-74
147                <action android:name="android.intent.action.BATTERY_LOW" />
147-->[androidx.work:work-runtime:2.2.0] AndroidManifest.xml:77:17-76
147-->[androidx.work:work-runtime:2.2.0] AndroidManifest.xml:77:25-73
148            </intent-filter>
149        </receiver>
150        <receiver
150-->[androidx.work:work-runtime:2.2.0] AndroidManifest.xml:80:9-90:20
151            android:name="androidx.work.impl.background.systemalarm.ConstraintProxy$StorageNotLowProxy"
151-->[androidx.work:work-runtime:2.2.0] AndroidManifest.xml:81:13-104
152            android:directBootAware="false"
152-->[androidx.work:work-runtime:2.2.0] AndroidManifest.xml:82:13-44
153            android:enabled="false"
153-->[androidx.work:work-runtime:2.2.0] AndroidManifest.xml:83:13-36
154            android:exported="false" >
154-->[androidx.work:work-runtime:2.2.0] AndroidManifest.xml:84:13-37
155            <intent-filter>
155-->[androidx.work:work-runtime:2.2.0] AndroidManifest.xml:86:13-89:29
156                <action android:name="android.intent.action.DEVICE_STORAGE_LOW" />
156-->[androidx.work:work-runtime:2.2.0] AndroidManifest.xml:87:17-83
156-->[androidx.work:work-runtime:2.2.0] AndroidManifest.xml:87:25-80
157                <action android:name="android.intent.action.DEVICE_STORAGE_OK" />
157-->[androidx.work:work-runtime:2.2.0] AndroidManifest.xml:88:17-82
157-->[androidx.work:work-runtime:2.2.0] AndroidManifest.xml:88:25-79
158            </intent-filter>
159        </receiver>
160        <receiver
160-->[androidx.work:work-runtime:2.2.0] AndroidManifest.xml:91:9-100:20
161            android:name="androidx.work.impl.background.systemalarm.ConstraintProxy$NetworkStateProxy"
161-->[androidx.work:work-runtime:2.2.0] AndroidManifest.xml:92:13-103
162            android:directBootAware="false"
162-->[androidx.work:work-runtime:2.2.0] AndroidManifest.xml:93:13-44
163            android:enabled="false"
163-->[androidx.work:work-runtime:2.2.0] AndroidManifest.xml:94:13-36
164            android:exported="false" >
164-->[androidx.work:work-runtime:2.2.0] AndroidManifest.xml:95:13-37
165            <intent-filter>
165-->[androidx.work:work-runtime:2.2.0] AndroidManifest.xml:97:13-99:29
166                <action android:name="android.net.conn.CONNECTIVITY_CHANGE" />
166-->[androidx.work:work-runtime:2.2.0] AndroidManifest.xml:98:17-79
166-->[androidx.work:work-runtime:2.2.0] AndroidManifest.xml:98:25-76
167            </intent-filter>
168        </receiver>
169        <receiver
169-->[androidx.work:work-runtime:2.2.0] AndroidManifest.xml:101:9-112:20
170            android:name="androidx.work.impl.background.systemalarm.RescheduleReceiver"
170-->[androidx.work:work-runtime:2.2.0] AndroidManifest.xml:102:13-88
171            android:directBootAware="false"
171-->[androidx.work:work-runtime:2.2.0] AndroidManifest.xml:103:13-44
172            android:enabled="false"
172-->[androidx.work:work-runtime:2.2.0] AndroidManifest.xml:104:13-36
173            android:exported="false" >
173-->[androidx.work:work-runtime:2.2.0] AndroidManifest.xml:105:13-37
174            <intent-filter>
174-->[androidx.work:work-runtime:2.2.0] AndroidManifest.xml:107:13-111:29
175                <action android:name="android.intent.action.BOOT_COMPLETED" />
175-->[:flutter_local_notifications] AndroidManifest.xml:15:17-79
175-->[:flutter_local_notifications] AndroidManifest.xml:15:25-76
176                <action android:name="android.intent.action.TIME_SET" />
176-->[androidx.work:work-runtime:2.2.0] AndroidManifest.xml:109:17-73
176-->[androidx.work:work-runtime:2.2.0] AndroidManifest.xml:109:25-70
177                <action android:name="android.intent.action.TIMEZONE_CHANGED" />
177-->[androidx.work:work-runtime:2.2.0] AndroidManifest.xml:110:17-81
177-->[androidx.work:work-runtime:2.2.0] AndroidManifest.xml:110:25-78
178            </intent-filter>
179        </receiver>
180        <receiver
180-->[androidx.work:work-runtime:2.2.0] AndroidManifest.xml:113:9-122:20
181            android:name="androidx.work.impl.background.systemalarm.ConstraintProxyUpdateReceiver"
181-->[androidx.work:work-runtime:2.2.0] AndroidManifest.xml:114:13-99
182            android:directBootAware="false"
182-->[androidx.work:work-runtime:2.2.0] AndroidManifest.xml:115:13-44
183            android:enabled="@bool/enable_system_alarm_service_default"
183-->[androidx.work:work-runtime:2.2.0] AndroidManifest.xml:116:13-72
184            android:exported="false" >
184-->[androidx.work:work-runtime:2.2.0] AndroidManifest.xml:117:13-37
185            <intent-filter>
185-->[androidx.work:work-runtime:2.2.0] AndroidManifest.xml:119:13-121:29
186                <action android:name="androidx.work.impl.background.systemalarm.UpdateProxies" />
186-->[androidx.work:work-runtime:2.2.0] AndroidManifest.xml:120:17-98
186-->[androidx.work:work-runtime:2.2.0] AndroidManifest.xml:120:25-95
187            </intent-filter>
188        </receiver>
189        <receiver android:name="com.razorpay.RzpTokenReceiver" >
189-->[com.razorpay:checkout:1.6.6] AndroidManifest.xml:12:9-16:20
189-->[com.razorpay:checkout:1.6.6] AndroidManifest.xml:12:19-63
190            <intent-filter>
190-->[com.razorpay:checkout:1.6.6] AndroidManifest.xml:13:13-15:29
191                <action android:name="rzp.device_token.share" />
191-->[com.razorpay:checkout:1.6.6] AndroidManifest.xml:14:17-65
191-->[com.razorpay:checkout:1.6.6] AndroidManifest.xml:14:25-62
192            </intent-filter>
193        </receiver>
194
195        <activity
195-->[com.google.android.gms:play-services-auth:17.0.0] AndroidManifest.xml:23:9-27:75
196            android:name="com.google.android.gms.auth.api.signin.internal.SignInHubActivity"
196-->[com.google.android.gms:play-services-auth:17.0.0] AndroidManifest.xml:24:13-93
197            android:excludeFromRecents="true"
197-->[com.google.android.gms:play-services-auth:17.0.0] AndroidManifest.xml:25:13-46
198            android:exported="false"
198-->[com.google.android.gms:play-services-auth:17.0.0] AndroidManifest.xml:26:13-37
199            android:theme="@android:style/Theme.Translucent.NoTitleBar" />
199-->[com.google.android.gms:play-services-auth:17.0.0] AndroidManifest.xml:27:13-72
200        <!--
201            Service handling Google Sign-In user revocation. For apps that do not integrate with
202            Google Sign-In, this service will never be started.
203        -->
204        <service
204-->[com.google.android.gms:play-services-auth:17.0.0] AndroidManifest.xml:33:9-36:110
205            android:name="com.google.android.gms.auth.api.signin.RevocationBoundService"
205-->[com.google.android.gms:play-services-auth:17.0.0] AndroidManifest.xml:34:13-89
206            android:exported="true"
206-->[com.google.android.gms:play-services-auth:17.0.0] AndroidManifest.xml:35:13-36
207            android:permission="com.google.android.gms.auth.api.signin.permission.REVOCATION_NOTIFICATION" />
207-->[com.google.android.gms:play-services-auth:17.0.0] AndroidManifest.xml:36:13-107
208
209        <activity
209-->[com.google.android.gms:play-services-base:17.0.0] AndroidManifest.xml:23:9-26:75
210            android:name="com.google.android.gms.common.api.GoogleApiActivity"
210-->[com.google.android.gms:play-services-base:17.0.0] AndroidManifest.xml:24:13-79
211            android:exported="false"
211-->[com.google.android.gms:play-services-base:17.0.0] AndroidManifest.xml:25:13-37
212            android:theme="@android:style/Theme.Translucent.NoTitleBar" />
212-->[com.google.android.gms:play-services-base:17.0.0] AndroidManifest.xml:26:13-72
213
214        <meta-data
214-->[com.google.android.gms:play-services-basement:17.0.0] AndroidManifest.xml:23:9-25:69
215            android:name="com.google.android.gms.version"
215-->[com.google.android.gms:play-services-basement:17.0.0] AndroidManifest.xml:24:13-58
216            android:value="@integer/google_play_services_version" />
216-->[com.google.android.gms:play-services-basement:17.0.0] AndroidManifest.xml:25:13-66
217
218        <service
218-->[androidx.room:room-runtime:2.1.0] AndroidManifest.xml:25:9-27:40
219            android:name="androidx.room.MultiInstanceInvalidationService"
219-->[androidx.room:room-runtime:2.1.0] AndroidManifest.xml:26:13-74
220            android:exported="false" />
220-->[androidx.room:room-runtime:2.1.0] AndroidManifest.xml:27:13-37
221    </application>
222
223</manifest>